
> within-landing@0.0.0 start
> ng serve --host 0.0.0.0

[33m>[39m Building...
[32m√[39m Building...
[1mInitial chunk files[22m[2m | [22m[1mNames[22m                             [2m | [22m [1mRaw size[22m
[32mmain.js[39m            [2m | [22m[2mmain[22m                              [2m | [22m[36m149.63 kB[39m[2m | [22m
[32mchunk-EVSPGG2W.js[39m  [2m | [22m[2m-[22m                                 [2m | [22m  [36m1.64 kB[39m[2m | [22m
[32mstyles.css[39m         [2m | [22m[2mstyles[22m                            [2m | [22m[36m365 bytes[39m[2m | [22m
[32mpolyfills.js[39m       [2m | [22m[2mpolyfills[22m                         [2m | [22m [36m95 bytes[39m[2m | [22m

[1m [22m                  [2m | [22m[1mInitial total[22m                     [2m | [22m[1m151.73 kB[22m

[1mLazy chunk files[22m   [2m | [22m[1mNames[22m                             [2m | [22m [1mRaw size[22m
[32mchunk-K6UV52FK.js[39m  [2m | [22m[2madmin-page-component[22m              [2m | [22m [36m78.40 kB[39m[2m | [22m
[32mchunk-2Y6TG52P.js[39m  [2m | [22m[2mprovider-onboarding-page-component[22m[2m | [22m [36m64.08 kB[39m[2m | [22m
[32mchunk-K3DX4R53.js[39m  [2m | [22m[2mprovider-dashboard-page-component[22m [2m | [22m [36m57.73 kB[39m[2m | [22m
[32mchunk-76H4MRS3.js[39m  [2m | [22m[2muser-survey-page-component[22m        [2m | [22m [36m45.09 kB[39m[2m | [22m
[32mchunk-ARFE7MRD.js[39m  [2m | [22m[2mprovider-survey-page-component[22m    [2m | [22m [36m44.80 kB[39m[2m | [22m
[32mchunk-SQA52OOP.js[39m  [2m | [22m[2mlanding-page-component[22m            [2m | [22m [36m20.35 kB[39m[2m | [22m
[32mchunk-EYA7MEXP.js[39m  [2m | [22m[2mconversation-guide-page-component[22m [2m | [22m [36m11.84 kB[39m[2m | [22m
[32mchunk-S2TMYKMD.js[39m  [2m | [22m[2mprovider-login-page-component[22m     [2m | [22m  [36m8.97 kB[39m[2m | [22m
[32mchunk-AGQ443TI.js[39m  [2m | [22m[2m-[22m                                 [2m | [22m  [36m7.61 kB[39m[2m | [22m
[32mchunk-X5GCN7BL.js[39m  [2m | [22m[2msurvey-choice-page-component[22m      [2m | [22m  [36m6.06 kB[39m[2m | [22m
[32mchunk-HO77QY6Q.js[39m  [2m | [22m[2m-[22m                                 [2m | [22m  [36m3.53 kB[39m[2m | [22m
[32mchunk-UDDRIQG2.js[39m  [2m | [22m[2m-[22m                                 [2m | [22m  [36m2.94 kB[39m[2m | [22m
[32mchunk-7TRMBJUH.js[39m  [2m | [22m[2m-[22m                                 [2m | [22m  [36m2.24 kB[39m[2m | [22m

Application bundle generation complete. [8.147 seconds] - 2026-06-07T08:33:52.219Z

Watch mode enabled. Watching for file changes...
NOTE: Raw file sizes do not reflect development server per-request transformations.
  [32m➜[39m  [1mLocal[22m:   [36mhttp://localhost:[1m4200[22m/[39m
  [32m➜[39m  [1mNetwork[22m: [36mhttp://192.168.1.105:[1m4200[22m/[39m
[33m>[39m Changes detected. Rebuilding...
[32m√[39m Changes detected. Rebuilding...
[1mInitial chunk files[22m[2m | [22m[1mNames[22m                             [2m | [22m [1mRaw size[22m
[32mmain.js[39m            [2m | [22m[2mmain[22m                              [2m | [22m[36m149.63 kB[39m[2m | [22m

[1mLazy chunk files[22m   [2m | [22m[1mNames[22m                             [2m | [22m [1mRaw size[22m
[32mchunk-AVZOOOTL.js[39m  [2m | [22m[2madmin-page-component[22m              [2m | [22m [36m78.40 kB[39m[2m | [22m
[32mchunk-R4WF7LZG.js[39m  [2m | [22m[2mprovider-onboarding-page-component[22m[2m | [22m [36m64.08 kB[39m[2m | [22m
[32mchunk-RSZ5YDGZ.js[39m  [2m | [22m[2mprovider-dashboard-page-component[22m [2m | [22m [36m57.73 kB[39m[2m | [22m
[32mchunk-RHKIBDNB.js[39m  [2m | [22m[2muser-survey-page-component[22m        [2m | [22m [36m45.09 kB[39m[2m | [22m
[32mchunk-67QHCPYC.js[39m  [2m | [22m[2mprovider-survey-page-component[22m    [2m | [22m [36m44.80 kB[39m[2m | [22m
[32mchunk-Z2N4QCUJ.js[39m  [2m | [22m[2mlanding-page-component[22m            [2m | [22m [36m20.35 kB[39m[2m | [22m
[32mchunk-2XAAPFTY.js[39m  [2m | [22m[2mprovider-login-page-component[22m     [2m | [22m  [36m8.97 kB[39m[2m | [22m
[32mchunk-XK7ETLKW.js[39m  [2m | [22m[2m-[22m                                 [2m | [22m  [36m3.53 kB[39m[2m | [22m
[32mchunk-EOYU45ZW.js[39m  [2m | [22m[2m-[22m                                 [2m | [22m  [36m2.97 kB[39m[2m | [22m
[32mchunk-4634AQWE.js[39m  [2m | [22m[2m-[22m                                 [2m | [22m  [36m2.24 kB[39m[2m | [22m

Application bundle generation complete. [9.800 seconds] - 2026-06-07T13:10:15.502Z

Page reload sent to client(s).
